<?xml version="1.0" encoding="UTF-8"?>
<testng-results skipped="0" failed="0" ignored="0" total="6" passed="6">
  <reporter-output>
  </reporter-output>
  <suite name="Suite" duration-ms="35" started-at="2020-05-08T23:37:07 IST" finished-at="2020-05-08T23:37:07 IST">
    <groups>
    </groups>
    <test name="Test" duration-ms="35" started-at="2020-05-08T23:37:07 IST" finished-at="2020-05-08T23:37:07 IST">
      <class name="qaclickacademy.Mavenjava.RestAssuredTests">
        <test-method status="PASS" signature="deleteTwitter()[pri:0, instance:qaclickacademy.Mavenjava.RestAssuredTests@63753b6d]" name="deleteTwitter" duration-ms="0" started-at="2020-05-08T23:37:07 IST" finished-at="2020-05-08T23:37:07 IST">
          <reporter-output>
          </reporter-output>
        </test-method> <!-- deleteTwitter -->
        <test-method status="PASS" signature="postJira()[pri:0, instance:qaclickacademy.Mavenjava.RestAssuredTests@63753b6d]" name="postJira" duration-ms="0" started-at="2020-05-08T23:37:07 IST" finished-at="2020-05-08T23:37:07 IST">
          <reporter-output>
          </reporter-output>
        </test-method> <!-- postJira -->
      </class> <!-- qaclickacademy.Mavenjava.RestAssuredTests -->
      <class name="qaclickacademy.Mavenjava.AppiumTests">
        <test-method status="PASS" signature="IOS()[pri:0, instance:qaclickacademy.Mavenjava.AppiumTests@5f9d02cb]" name="IOS" duration-ms="4" started-at="2020-05-08T23:37:07 IST" finished-at="2020-05-08T23:37:07 IST">
          <reporter-output>
          </reporter-output>
        </test-method> <!-- IOS -->
        <test-method status="PASS" signature="NativeAndroidApp()[pri:0, instance:qaclickacademy.Mavenjava.AppiumTests@5f9d02cb]" name="NativeAndroidApp" duration-ms="0" started-at="2020-05-08T23:37:07 IST" finished-at="2020-05-08T23:37:07 IST">
          <reporter-output>
          </reporter-output>
        </test-method> <!-- NativeAndroidApp -->
      </class> <!-- qaclickacademy.Mavenjava.AppiumTests -->
      <class name="qaclickacademy.Mavenjava.SeleniumTest">
        <test-method status="PASS" signature="Browsertest()[pri:0, instance:qaclickacademy.Mavenjava.SeleniumTest@6b09bb57]" name="Browsertest" duration-ms="0" started-at="2020-05-08T23:37:07 IST" finished-at="2020-05-08T23:37:07 IST">
          <reporter-output>
          </reporter-output>
        </test-method> <!-- Browsertest -->
        <test-method status="PASS" signature="Elementsuitest()[pri:0, instance:qaclickacademy.Mavenjava.SeleniumTest@6b09bb57]" name="Elementsuitest" duration-ms="1" started-at="2020-05-08T23:37:07 IST" finished-at="2020-05-08T23:37:07 IST">
          <reporter-output>
          </reporter-output>
        </test-method> <!-- Elementsuitest -->
      </class> <!-- qaclickacademy.Mavenjava.SeleniumTest -->
    </test> <!-- Test -->
  </suite> <!-- Suite -->
</testng-results>
