<?xml version="1.0" encoding="UTF-8"?>
<!-- Generated by org.testng.reporters.JUnitXMLReporter -->
<testsuite hostname="DESKTOP-ADGIM57" ignored="0" name="Test" tests="6" failures="0" timestamp="2020-05-08T23:37:07 IST" time="0.035" errors="0">
  <testcase name="IOS" time="0.004" classname="qaclickacademy.Mavenjava.AppiumTests"/>
  <testcase name="NativeAndroidApp" time="0.0" classname="qaclickacademy.Mavenjava.AppiumTests"/>
  <testcase name="deleteTwitter" time="0.0" classname="qaclickacademy.Mavenjava.RestAssuredTests"/>
  <testcase name="postJira" time="0.0" classname="qaclickacademy.Mavenjava.RestAssuredTests"/>
  <testcase name="Browsertest" time="0.0" classname="qaclickacademy.Mavenjava.SeleniumTest"/>
  <testcase name="Elementsuitest" time="0.001" classname="qaclickacademy.Mavenjava.SeleniumTest"/>
</testsuite> <!-- Test -->
