<?xml version="1.0" encoding="UTF-8"?>
<testng-results skipped="0" failed="0" ignored="0" total="6" passed="6">
  <reporter-output>
  </reporter-output>
  <suite name="Surefire suite" duration-ms="32" started-at="2020-05-08T23:07:18 IST" finished-at="2020-05-08T23:07:18 IST">
    <groups>
    </groups>
    <test name="Surefire test" duration-ms="32" started-at="2020-05-08T23:07:18 IST" finished-at="2020-05-08T23:07:18 IST">
      <class name="qaclickacademy.Mavenjava.RestAssuredTests">
        <test-method status="PASS" signature="deleteTwitter()[pri:0, instance:qaclickacademy.Mavenjava.RestAssuredTests@4e9ba398]" name="deleteTwitter" duration-ms="0" started-at="2020-05-08T23:07:18 IST" finished-at="2020-05-08T23:07:18 IST">
          <reporter-output>
          </reporter-output>
        </test-method> <!-- deleteTwitter -->
        <test-method status="PASS" signature="postJira()[pri:0, instance:qaclickacademy.Mavenjava.RestAssuredTests@4e9ba398]" name="postJira" duration-ms="0" started-at="2020-05-08T23:07:18 IST" finished-at="2020-05-08T23:07:18 IST">
          <reporter-output>
          </reporter-output>
        </test-method> <!-- postJira -->
      </class> <!-- qaclickacademy.Mavenjava.RestAssuredTests -->
      <class name="qaclickacademy.Mavenjava.AppiumTests">
        <test-method status="PASS" signature="IOS()[pri:0, instance:qaclickacademy.Mavenjava.AppiumTests@2286778]" name="IOS" duration-ms="3" started-at="2020-05-08T23:07:18 IST" finished-at="2020-05-08T23:07:18 IST">
          <reporter-output>
          </reporter-output>
        </test-method> <!-- IOS -->
        <test-method status="PASS" signature="NativeAndroidApp()[pri:0, instance:qaclickacademy.Mavenjava.AppiumTests@2286778]" name="NativeAndroidApp" duration-ms="0" started-at="2020-05-08T23:07:18 IST" finished-at="2020-05-08T23:07:18 IST">
          <reporter-output>
          </reporter-output>
        </test-method> <!-- NativeAndroidApp -->
      </class> <!-- qaclickacademy.Mavenjava.AppiumTests -->
      <class name="qaclickacademy.Mavenjava.SeleniumTest">
        <test-method status="PASS" signature="Browsertest()[pri:0, instance:qaclickacademy.Mavenjava.SeleniumTest@6d7b4f4c]" name="Browsertest" duration-ms="1" started-at="2020-05-08T23:07:18 IST" finished-at="2020-05-08T23:07:18 IST">
          <reporter-output>
          </reporter-output>
        </test-method> <!-- Browsertest -->
        <test-method status="PASS" signature="Elementsuitest()[pri:0, instance:qaclickacademy.Mavenjava.SeleniumTest@6d7b4f4c]" name="Elementsuitest" duration-ms="0" started-at="2020-05-08T23:07:18 IST" finished-at="2020-05-08T23:07:18 IST">
          <reporter-output>
          </reporter-output>
        </test-method> <!-- Elementsuitest -->
      </class> <!-- qaclickacademy.Mavenjava.SeleniumTest -->
    </test> <!-- Surefire test -->
  </suite> <!-- Surefire suite -->
</testng-results>
